CRITICAL - 2021-01-14 00:50:01 --> Invalid file: welcome_message.php
#0 C:\xampp\htdocs\punidad6\vendor\codeigniter4\framework\system\View\View.php(228): CodeIgniter\Exceptions\FrameworkException::forInvalidFile('welcome_message...')
#1 C:\xampp\htdocs\punidad6\vendor\codeigniter4\framework\system\Common.php(1119): CodeIgniter\View\View->render('welcome_message', Array, true)
#2 C:\xampp\htdocs\punidad6\app\Controllers\Home.php(7): view('welcome_message')
#3 C:\xampp\htdocs\punidad6\vendor\codeigniter4\framework\system\CodeIgniter.php(918): App\Controllers\Home->index()
#4 C:\xampp\htdocs\punidad6\vendor\codeigniter4\framework\system\CodeIgniter.php(404): CodeIgniter\CodeIgniter->runController(Object(App\Controllers\Home))
#5 C:\xampp\htdocs\punidad6\vendor\codeigniter4\framework\system\CodeIgniter.php(312): CodeIgniter\CodeIgniter->handleRequest(NULL, Object(Config\Cache), false)
#6 C:\xampp\htdocs\punidad6\public\index.php(45): CodeIgniter\CodeIgniter->run()
#7 {main}
CRITICAL - 2021-01-14 00:50:15 --> Invalid file: welcome_message.php
#0 C:\xampp\htdocs\punidad6\vendor\codeigniter4\framework\system\View\View.php(228): CodeIgniter\Exceptions\FrameworkException::forInvalidFile('welcome_message...')
#1 C:\xampp\htdocs\punidad6\vendor\codeigniter4\framework\system\Common.php(1119): CodeIgniter\View\View->render('welcome_message', Array, true)
#2 C:\xampp\htdocs\punidad6\app\Controllers\Home.php(7): view('welcome_message')
#3 C:\xampp\htdocs\punidad6\vendor\codeigniter4\framework\system\CodeIgniter.php(918): App\Controllers\Home->index()
#4 C:\xampp\htdocs\punidad6\vendor\codeigniter4\framework\system\CodeIgniter.php(404): CodeIgniter\CodeIgniter->runController(Object(App\Controllers\Home))
#5 C:\xampp\htdocs\punidad6\vendor\codeigniter4\framework\system\CodeIgniter.php(312): CodeIgniter\CodeIgniter->handleRequest(NULL, Object(Config\Cache), false)
#6 C:\xampp\htdocs\punidad6\public\index.php(45): CodeIgniter\CodeIgniter->run()
#7 {main}
CRITICAL - 2021-01-14 01:12:24 --> Object of class CodeIgniter\Router\RouteCollection could not be converted to string
#0 C:\xampp\htdocs\punidad6\vendor\codeigniter4\framework\system\CodeIgniter.php(780): require()
#1 C:\xampp\htdocs\punidad6\vendor\codeigniter4\framework\system\CodeIgniter.php(364): CodeIgniter\CodeIgniter->tryToRouteIt(Object(CodeIgniter\Router\RouteCollection))
#2 C:\xampp\htdocs\punidad6\vendor\codeigniter4\framework\system\CodeIgniter.php(312): CodeIgniter\CodeIgniter->handleRequest(NULL, Object(Config\Cache), false)
#3 C:\xampp\htdocs\punidad6\public\index.php(45): CodeIgniter\CodeIgniter->run()
#4 {main}
CRITICAL - 2021-01-14 01:14:04 --> You must set the database table to be used with your query.
#0 C:\xampp\htdocs\punidad6\vendor\codeigniter4\framework\system\Model.php(1237): CodeIgniter\Database\BaseConnection->table(NULL)
#1 C:\xampp\htdocs\punidad6\vendor\codeigniter4\framework\system\Model.php(1816): CodeIgniter\Model->builder()
#2 C:\xampp\htdocs\punidad6\app\Controllers\HomePost.php(21): CodeIgniter\Model->__call('obtenerTodosLos...', Array)
#3 C:\xampp\htdocs\punidad6\vendor\codeigniter4\framework\system\CodeIgniter.php(918): App\Controllers\HomePost->obtenerTodosLosMuebles()
#4 C:\xampp\htdocs\punidad6\vendor\codeigniter4\framework\system\CodeIgniter.php(404): CodeIgniter\CodeIgniter->runController(Object(App\Controllers\HomePost))
#5 C:\xampp\htdocs\punidad6\vendor\codeigniter4\framework\system\CodeIgniter.php(312): CodeIgniter\CodeIgniter->handleRequest(NULL, Object(Config\Cache), false)
#6 C:\xampp\htdocs\punidad6\public\index.php(45): CodeIgniter\CodeIgniter->run()
#7 {main}
CRITICAL - 2021-01-14 01:14:07 --> You must set the database table to be used with your query.
#0 C:\xampp\htdocs\punidad6\vendor\codeigniter4\framework\system\Model.php(1237): CodeIgniter\Database\BaseConnection->table(NULL)
#1 C:\xampp\htdocs\punidad6\vendor\codeigniter4\framework\system\Model.php(1816): CodeIgniter\Model->builder()
#2 C:\xampp\htdocs\punidad6\app\Controllers\HomePost.php(21): CodeIgniter\Model->__call('obtenerTodosLos...', Array)
#3 C:\xampp\htdocs\punidad6\vendor\codeigniter4\framework\system\CodeIgniter.php(918): App\Controllers\HomePost->obtenerTodosLosMuebles()
#4 C:\xampp\htdocs\punidad6\vendor\codeigniter4\framework\system\CodeIgniter.php(404): CodeIgniter\CodeIgniter->runController(Object(App\Controllers\HomePost))
#5 C:\xampp\htdocs\punidad6\vendor\codeigniter4\framework\system\CodeIgniter.php(312): CodeIgniter\CodeIgniter->handleRequest(NULL, Object(Config\Cache), false)
#6 C:\xampp\htdocs\punidad6\public\index.php(45): CodeIgniter\CodeIgniter->run()
#7 {main}
CRITICAL - 2021-01-14 01:14:12 --> You must set the database table to be used with your query.
#0 C:\xampp\htdocs\punidad6\vendor\codeigniter4\framework\system\Model.php(1237): CodeIgniter\Database\BaseConnection->table(NULL)
#1 C:\xampp\htdocs\punidad6\vendor\codeigniter4\framework\system\Model.php(1816): CodeIgniter\Model->builder()
#2 C:\xampp\htdocs\punidad6\app\Controllers\HomePost.php(21): CodeIgniter\Model->__call('obtenerTodosLos...', Array)
#3 C:\xampp\htdocs\punidad6\vendor\codeigniter4\framework\system\CodeIgniter.php(918): App\Controllers\HomePost->obtenerTodosLosMuebles()
#4 C:\xampp\htdocs\punidad6\vendor\codeigniter4\framework\system\CodeIgniter.php(404): CodeIgniter\CodeIgniter->runController(Object(App\Controllers\HomePost))
#5 C:\xampp\htdocs\punidad6\vendor\codeigniter4\framework\system\CodeIgniter.php(312): CodeIgniter\CodeIgniter->handleRequest(NULL, Object(Config\Cache), false)
#6 C:\xampp\htdocs\punidad6\public\index.php(45): CodeIgniter\CodeIgniter->run()
#7 {main}
CRITICAL - 2021-01-14 01:14:15 --> You must set the database table to be used with your query.
#0 C:\xampp\htdocs\punidad6\vendor\codeigniter4\framework\system\Model.php(1237): CodeIgniter\Database\BaseConnection->table(NULL)
#1 C:\xampp\htdocs\punidad6\vendor\codeigniter4\framework\system\Model.php(1816): CodeIgniter\Model->builder()
#2 C:\xampp\htdocs\punidad6\app\Controllers\HomePost.php(21): CodeIgniter\Model->__call('obtenerTodosLos...', Array)
#3 C:\xampp\htdocs\punidad6\vendor\codeigniter4\framework\system\CodeIgniter.php(918): App\Controllers\HomePost->obtenerTodosLosMuebles()
#4 C:\xampp\htdocs\punidad6\vendor\codeigniter4\framework\system\CodeIgniter.php(404): CodeIgniter\CodeIgniter->runController(Object(App\Controllers\HomePost))
#5 C:\xampp\htdocs\punidad6\vendor\codeigniter4\framework\system\CodeIgniter.php(312): CodeIgniter\CodeIgniter->handleRequest(NULL, Object(Config\Cache), false)
#6 C:\xampp\htdocs\punidad6\public\index.php(45): CodeIgniter\CodeIgniter->run()
#7 {main}
CRITICAL - 2021-01-14 01:14:50 --> You must set the database table to be used with your query.
#0 C:\xampp\htdocs\punidad6\vendor\codeigniter4\framework\system\Model.php(1237): CodeIgniter\Database\BaseConnection->table(NULL)
#1 C:\xampp\htdocs\punidad6\vendor\codeigniter4\framework\system\Model.php(1816): CodeIgniter\Model->builder()
#2 C:\xampp\htdocs\punidad6\app\Controllers\HomePost.php(21): CodeIgniter\Model->__call('obtenerTodosLos...', Array)
#3 C:\xampp\htdocs\punidad6\vendor\codeigniter4\framework\system\CodeIgniter.php(918): App\Controllers\HomePost->obtenerTodosLosMuebles()
#4 C:\xampp\htdocs\punidad6\vendor\codeigniter4\framework\system\CodeIgniter.php(404): CodeIgniter\CodeIgniter->runController(Object(App\Controllers\HomePost))
#5 C:\xampp\htdocs\punidad6\vendor\codeigniter4\framework\system\CodeIgniter.php(312): CodeIgniter\CodeIgniter->handleRequest(NULL, Object(Config\Cache), false)
#6 C:\xampp\htdocs\punidad6\public\index.php(45): CodeIgniter\CodeIgniter->run()
#7 {main}
CRITICAL - 2021-01-14 01:14:58 --> You must set the database table to be used with your query.
#0 C:\xampp\htdocs\punidad6\vendor\codeigniter4\framework\system\Model.php(1237): CodeIgniter\Database\BaseConnection->table(NULL)
#1 C:\xampp\htdocs\punidad6\vendor\codeigniter4\framework\system\Model.php(1816): CodeIgniter\Model->builder()
#2 C:\xampp\htdocs\punidad6\app\Controllers\HomePost.php(21): CodeIgniter\Model->__call('obtenerTodosLos...', Array)
#3 C:\xampp\htdocs\punidad6\vendor\codeigniter4\framework\system\CodeIgniter.php(918): App\Controllers\HomePost->obtenerTodosLosMuebles()
#4 C:\xampp\htdocs\punidad6\vendor\codeigniter4\framework\system\CodeIgniter.php(404): CodeIgniter\CodeIgniter->runController(Object(App\Controllers\HomePost))
#5 C:\xampp\htdocs\punidad6\vendor\codeigniter4\framework\system\CodeIgniter.php(312): CodeIgniter\CodeIgniter->handleRequest(NULL, Object(Config\Cache), false)
#6 C:\xampp\htdocs\punidad6\public\index.php(45): CodeIgniter\CodeIgniter->run()
#7 {main}
CRITICAL - 2021-01-14 01:18:50 --> You must set the database table to be used with your query.
#0 C:\xampp\htdocs\punidad6\vendor\codeigniter4\framework\system\Model.php(1237): CodeIgniter\Database\BaseConnection->table(NULL)
#1 C:\xampp\htdocs\punidad6\vendor\codeigniter4\framework\system\Model.php(1816): CodeIgniter\Model->builder()
#2 C:\xampp\htdocs\punidad6\app\Controllers\HomePost.php(21): CodeIgniter\Model->__call('obtenerTodosLos...', Array)
#3 C:\xampp\htdocs\punidad6\vendor\codeigniter4\framework\system\CodeIgniter.php(918): App\Controllers\HomePost->obtenerTodosLosMuebles()
#4 C:\xampp\htdocs\punidad6\vendor\codeigniter4\framework\system\CodeIgniter.php(404): CodeIgniter\CodeIgniter->runController(Object(App\Controllers\HomePost))
#5 C:\xampp\htdocs\punidad6\vendor\codeigniter4\framework\system\CodeIgniter.php(312): CodeIgniter\CodeIgniter->handleRequest(NULL, Object(Config\Cache), false)
#6 C:\xampp\htdocs\punidad6\public\index.php(45): CodeIgniter\CodeIgniter->run()
#7 {main}
CRITICAL - 2021-01-14 01:26:35 --> You must set the database table to be used with your query.
#0 C:\xampp\htdocs\punidad6\vendor\codeigniter4\framework\system\Model.php(1237): CodeIgniter\Database\BaseConnection->table(NULL)
#1 C:\xampp\htdocs\punidad6\vendor\codeigniter4\framework\system\Model.php(1816): CodeIgniter\Model->builder()
#2 C:\xampp\htdocs\punidad6\app\Controllers\HomePost.php(16): CodeIgniter\Model->__call('agregarMueble', Array)
#3 C:\xampp\htdocs\punidad6\vendor\codeigniter4\framework\system\CodeIgniter.php(918): App\Controllers\HomePost->agregarMuebles()
#4 C:\xampp\htdocs\punidad6\vendor\codeigniter4\framework\system\CodeIgniter.php(404): CodeIgniter\CodeIgniter->runController(Object(App\Controllers\HomePost))
#5 C:\xampp\htdocs\punidad6\vendor\codeigniter4\framework\system\CodeIgniter.php(312): CodeIgniter\CodeIgniter->handleRequest(NULL, Object(Config\Cache), false)
#6 C:\xampp\htdocs\punidad6\public\index.php(45): CodeIgniter\CodeIgniter->run()
#7 {main}
CRITICAL - 2021-01-14 01:26:36 --> You must set the database table to be used with your query.
#0 C:\xampp\htdocs\punidad6\vendor\codeigniter4\framework\system\Model.php(1237): CodeIgniter\Database\BaseConnection->table(NULL)
#1 C:\xampp\htdocs\punidad6\vendor\codeigniter4\framework\system\Model.php(1816): CodeIgniter\Model->builder()
#2 C:\xampp\htdocs\punidad6\app\Controllers\HomePost.php(16): CodeIgniter\Model->__call('agregarMueble', Array)
#3 C:\xampp\htdocs\punidad6\vendor\codeigniter4\framework\system\CodeIgniter.php(918): App\Controllers\HomePost->agregarMuebles()
#4 C:\xampp\htdocs\punidad6\vendor\codeigniter4\framework\system\CodeIgniter.php(404): CodeIgniter\CodeIgniter->runController(Object(App\Controllers\HomePost))
#5 C:\xampp\htdocs\punidad6\vendor\codeigniter4\framework\system\CodeIgniter.php(312): CodeIgniter\CodeIgniter->handleRequest(NULL, Object(Config\Cache), false)
#6 C:\xampp\htdocs\punidad6\public\index.php(45): CodeIgniter\CodeIgniter->run()
#7 {main}
CRITICAL - 2021-01-14 01:26:37 --> You must set the database table to be used with your query.
#0 C:\xampp\htdocs\punidad6\vendor\codeigniter4\framework\system\Model.php(1237): CodeIgniter\Database\BaseConnection->table(NULL)
#1 C:\xampp\htdocs\punidad6\vendor\codeigniter4\framework\system\Model.php(1816): CodeIgniter\Model->builder()
#2 C:\xampp\htdocs\punidad6\app\Controllers\HomePost.php(16): CodeIgniter\Model->__call('agregarMueble', Array)
#3 C:\xampp\htdocs\punidad6\vendor\codeigniter4\framework\system\CodeIgniter.php(918): App\Controllers\HomePost->agregarMuebles()
#4 C:\xampp\htdocs\punidad6\vendor\codeigniter4\framework\system\CodeIgniter.php(404): CodeIgniter\CodeIgniter->runController(Object(App\Controllers\HomePost))
#5 C:\xampp\htdocs\punidad6\vendor\codeigniter4\framework\system\CodeIgniter.php(312): CodeIgniter\CodeIgniter->handleRequest(NULL, Object(Config\Cache), false)
#6 C:\xampp\htdocs\punidad6\public\index.php(45): CodeIgniter\CodeIgniter->run()
#7 {main}
CRITICAL - 2021-01-14 01:26:37 --> You must set the database table to be used with your query.
#0 C:\xampp\htdocs\punidad6\vendor\codeigniter4\framework\system\Model.php(1237): CodeIgniter\Database\BaseConnection->table(NULL)
#1 C:\xampp\htdocs\punidad6\vendor\codeigniter4\framework\system\Model.php(1816): CodeIgniter\Model->builder()
#2 C:\xampp\htdocs\punidad6\app\Controllers\HomePost.php(16): CodeIgniter\Model->__call('agregarMueble', Array)
#3 C:\xampp\htdocs\punidad6\vendor\codeigniter4\framework\system\CodeIgniter.php(918): App\Controllers\HomePost->agregarMuebles()
#4 C:\xampp\htdocs\punidad6\vendor\codeigniter4\framework\system\CodeIgniter.php(404): CodeIgniter\CodeIgniter->runController(Object(App\Controllers\HomePost))
#5 C:\xampp\htdocs\punidad6\vendor\codeigniter4\framework\system\CodeIgniter.php(312): CodeIgniter\CodeIgniter->handleRequest(NULL, Object(Config\Cache), false)
#6 C:\xampp\htdocs\punidad6\public\index.php(45): CodeIgniter\CodeIgniter->run()
#7 {main}
CRITICAL - 2021-01-14 01:29:27 --> Cannot declare class App\Controllers\HomePost, because the name is already in use
#0 [internal function]: CodeIgniter\Debug\Exceptions->shutdownHandler()
#1 {main}
CRITICAL - 2021-01-14 01:29:27 --> Cannot declare class App\Controllers\HomePost, because the name is already in use
#0 [internal function]: CodeIgniter\Debug\Exceptions->shutdownHandler()
#1 {main}
CRITICAL - 2021-01-14 01:29:28 --> Cannot declare class App\Controllers\HomePost, because the name is already in use
#0 [internal function]: CodeIgniter\Debug\Exceptions->shutdownHandler()
#1 {main}
CRITICAL - 2021-01-14 02:57:54 --> Undefined index: nombre
#0 C:\xampp\htdocs\punidad6\app\Controllers\HomePost.php(9): CodeIgniter\Debug\Exceptions->errorHandler(8, 'Undefined index...', 'C:\\xampp\\htdocs...', 9, Array)
#1 C:\xampp\htdocs\punidad6\vendor\codeigniter4\framework\system\CodeIgniter.php(918): App\Controllers\HomePost->agregarMuebles()
#2 C:\xampp\htdocs\punidad6\vendor\codeigniter4\framework\system\CodeIgniter.php(404): CodeIgniter\CodeIgniter->runController(Object(App\Controllers\HomePost))
#3 C:\xampp\htdocs\punidad6\vendor\codeigniter4\framework\system\CodeIgniter.php(312): CodeIgniter\CodeIgniter->handleRequest(NULL, Object(Config\Cache), false)
#4 C:\xampp\htdocs\punidad6\public\index.php(45): CodeIgniter\CodeIgniter->run()
#5 {main}
CRITICAL - 2021-01-14 02:57:55 --> Undefined index: nombre
#0 C:\xampp\htdocs\punidad6\app\Controllers\HomePost.php(9): CodeIgniter\Debug\Exceptions->errorHandler(8, 'Undefined index...', 'C:\\xampp\\htdocs...', 9, Array)
#1 C:\xampp\htdocs\punidad6\vendor\codeigniter4\framework\system\CodeIgniter.php(918): App\Controllers\HomePost->agregarMuebles()
#2 C:\xampp\htdocs\punidad6\vendor\codeigniter4\framework\system\CodeIgniter.php(404): CodeIgniter\CodeIgniter->runController(Object(App\Controllers\HomePost))
#3 C:\xampp\htdocs\punidad6\vendor\codeigniter4\framework\system\CodeIgniter.php(312): CodeIgniter\CodeIgniter->handleRequest(NULL, Object(Config\Cache), false)
#4 C:\xampp\htdocs\punidad6\public\index.php(45): CodeIgniter\CodeIgniter->run()
#5 {main}
